<?xml version="1.0" encoding="UTF-8"?>
<!-- Generated by org.testng.reporters.JUnitReportReporter -->
<testsuite hostname="indhio-mac.local" name="com.indhio.testng.test.GrupoTest" tests="3" failures="0" timestamp="14 Jul 2012 01:09:27 GMT" time="0.021" errors="0">
  <testcase name="update" time="0.005" classname="com.indhio.testng.test.GrupoTest"/>
  <testcase name="delete" time="0.007" classname="com.indhio.testng.test.GrupoTest"/>
  <testcase name="insert" time="0.009" classname="com.indhio.testng.test.GrupoTest"/>
</testsuite> <!-- com.indhio.testng.test.GrupoTest -->
