<?xml version="1.0" encoding="UTF-8"?>
<!-- Generated by org.testng.reporters.JUnitReportReporter -->
<testsuite hostname="indhio-mac.local" name="com.indhio.testng.test.UsuarioTest" tests="3" failures="0" timestamp="14 Jul 2012 00:29:46 GMT" time="0.023" errors="0">
  <testcase name="insert" time="0.009" classname="com.indhio.testng.test.UsuarioTest"/>
  <testcase name="delete" time="0.007" classname="com.indhio.testng.test.UsuarioTest"/>
  <testcase name="update" time="0.007" classname="com.indhio.testng.test.UsuarioTest"/>
</testsuite> <!-- com.indhio.testng.test.UsuarioTest -->
