<?xml version="1.0" encoding="UTF-8"?>
<!-- Generated by org.testng.reporters.JUnitReportReporter -->
<testsuite hostname="indhio-mac.local" name="com.indhio.testng.test.UsuarioTest" tests="3" failures="0" timestamp="14 Jul 2012 01:09:27 GMT" time="0.356" errors="0">
  <testcase name="update" time="0.011" classname="com.indhio.testng.test.UsuarioTest"/>
  <testcase name="insert" time="0.331" classname="com.indhio.testng.test.UsuarioTest"/>
  <testcase name="delete" time="0.014" classname="com.indhio.testng.test.UsuarioTest"/>
</testsuite> <!-- com.indhio.testng.test.UsuarioTest -->
