<?xml version="1.0" encoding="UTF-8"?>
<!-- Generated by org.testng.reporters.JUnitReportReporter -->
<testsuite hostname="indhio-mac.local" name="com.indhio.testng.test.PerfilTest" tests="3" failures="0" timestamp="14 Jul 2012 01:09:27 GMT" time="0.075" errors="0">
  <testcase name="update" time="0.006" classname="com.indhio.testng.test.PerfilTest"/>
  <testcase name="insert" time="0.057" classname="com.indhio.testng.test.PerfilTest"/>
  <testcase name="delete" time="0.012" classname="com.indhio.testng.test.PerfilTest"/>
</testsuite> <!-- com.indhio.testng.test.PerfilTest -->
