<?xml version="1.0" encoding="UTF-8"?>
<!-- Generated by org.testng.reporters.JUnitReportReporter -->
<testsuite hostname="indhio-mac.local" name="com.indhio.testng.test.GrupoTest" tests="3" failures="0" timestamp="14 Jul 2012 00:29:46 GMT" time="0.286" errors="0">
  <testcase name="delete" time="0.022" classname="com.indhio.testng.test.GrupoTest"/>
  <testcase name="insert" time="0.254" classname="com.indhio.testng.test.GrupoTest"/>
  <testcase name="update" time="0.010" classname="com.indhio.testng.test.GrupoTest"/>
</testsuite> <!-- com.indhio.testng.test.GrupoTest -->
